<?xml version="1.0" encoding="UTF-8"?>
<testng-results ignored="0" total="1" passed="1" failed="0" skipped="0">
  <reporter-output>
  </reporter-output>
  <suite started-at="2023-04-28T13:52:11 IST" name="Default suite" finished-at="2023-04-28T13:53:27 IST" duration-ms="76479">
    <groups>
    </groups>
    <test started-at="2023-04-28T13:52:11 IST" name="Default test" finished-at="2023-04-28T13:53:27 IST" duration-ms="76479">
      <class name="Package1.Payment">
        <test-method is-config="true" signature="launchbrowser()[pri:0, instance:Package1.Payment@534a5a98]" started-at="2023-04-28T13:52:11 IST" name="launchbrowser" finished-at="2023-04-28T13:52:30 IST" duration-ms="19566" status="PASS">
          <reporter-output>
          </reporter-output>
        </test-method> <!-- launchbrowser -->
        <test-method signature="TestPay()[pri:0, instance:Package1.Payment@534a5a98]" started-at="2023-04-28T13:52:30 IST" name="TestPay" finished-at="2023-04-28T13:53:27 IST" duration-ms="56824" status="PASS">
          <reporter-output>
          </reporter-output>
        </test-method> <!-- TestPay -->
      </class> <!-- Package1.Payment -->
    </test> <!-- Default test -->
  </suite> <!-- Default suite -->
</testng-results>
